This file contains any messages produced by compilers while
running configure, to aid debugging if configure makes a mistake.

It was created by configure, which was
generated by GNU Autoconf 2.63.  Invocation command line was

  $ ./configure --with-emacs=/usr/local/bin/emacs-23.2 --no-create --no-recursion

## --------- ##
## Platform. ##
## --------- ##

hostname = wyvern.id774.net
uname -m = x86_64
uname -r = 2.6.18-194.11.3.el5
uname -s = Linux
uname -v = #1 SMP Mon Aug 30 16:19:16 EDT 2010

/usr/bin/uname -p = unknown
/bin/uname -X     = unknown

/bin/arch              = x86_64
/usr/bin/arch -k       = unknown
/usr/convex/getsysinfo = unknown
/usr/bin/hostinfo      = unknown
/bin/machine           = unknown
/usr/bin/oslevel       = unknown
/bin/universe          = unknown

PATH: /home/centos/bin
PATH: /opt/sbin
PATH: /opt/bin
PATH: /usr/local/sbin
PATH: /usr/local/bin
PATH: /sbin
PATH: /bin
PATH: /usr/sbin
PATH: /usr/bin
PATH: /usr/bin/X11
PATH: /usr/X11R6/bin
PATH: /usr/games
PATH: /home/centos/private/scripts
PATH: /home/centos/scripts


## ----------- ##
## Core tests. ##
## ----------- ##

configure:1738: checking whether make sets $(MAKE)
configure:1760: result: yes
configure:1814: checking for a BSD-compatible install
configure:1882: result: /usr/bin/install -c
configure:1895: checking for makeinfo
configure:1911: found /usr/bin/makeinfo
configure:1923: result: makeinfo
configure:1933: checking for texi2dvi
configure:1961: result: false
configure:1971: checking for ptex
configure:1999: result: false
configure:2009: checking for jbibtex
configure:2037: result: false
configure:2047: checking for dvipdfmx
configure:2075: result: false
configure:2085: checking for texi2pdf
configure:2113: result: false
configure:2125: checking for egrep
configure:2141: found /bin/egrep
configure:2152: result: egrep
configure:2221: checking for /usr/local/bin/emacs-23.2
configure:2252: result: /usr/local/bin/emacs-23.2
configure:2414: checking what a flavor does /usr/local/bin/emacs-23.2 have
/usr/local/bin/emacs-23.2 -q -no-site-file --no-unibyte -batch -eval '(let ((x (if (featurep (quote xemacs))	(if (and	     (condition-case nil		 (progn		   (unless (or itimer-process itimer-timer)		     (itimer-driver-start))		   (let* ((inhibit-quit t)			  (ctime (current-time))			  (itimer-timer-last-wakeup			   (prog1			       ctime			     (setcar ctime (1- (car ctime)))))			  (itimer-list nil)			  (itimer (start-itimer "*testing*"						(function ignore) 5)))		     (sleep-for 0.1)		     (prog1			 (> (itimer-value itimer) 0)		       (delete-itimer itimer))))	       (error nil))	     (string-match	      (concat (vector 94 92 40 63 58 32 43 92 41 42 92 91 92 93))	      (concat (vector 32 91 93)))	     (or (not (executable-find "cat"))		 (with-temp-buffer		   (insert "foo")		   (backward-char)		   (call-process-region (1- (point)) (point) "cat" t t)		   (goto-char (point-min))		   (looking-at "foo"))))	    "XEmacs"	  (let ((v (emacs-version)))	    (if (string-match (char-to-string 41) v)		(substring v 0 (match-end 0))	      "Old XEmacs")))      (concat "Emacs "	      (mapconcat (function identity)			 (nreverse			  (cdr (nreverse				(split-string emacs-version					      (concat (vector 92 46))))))			 "."))))) (write-region (if (stringp x) (princ x) (prin1-to-string x)) nil "./conftest-6755" nil 5))'
Emacs 23.2=> Emacs 23.2
configure:2491: result: Emacs 23.2
configure:2505: checking prefix for /usr/local/bin/emacs-23.2
/usr/local/bin/emacs-23.2 -q -no-site-file --no-unibyte -batch -eval '(let ((x (expand-file-name ".." invocation-directory))) (write-region (if (stringp x) (princ x) (prin1-to-string x)) nil "./conftest-6755" nil 5))'
/usr/local=> /usr/local
configure:2536: result: /usr/local
configure:2544: checking where lisp files should go
configure:2566: result: $(prefix)/share/emacs/site-lisp/w3m/
configure:2728: checking where icon files should go
/usr/local/bin/emacs-23.2 -q -no-site-file --no-unibyte -batch -eval '(let ((x (let ((prefix "/usr/local")	      (default (expand-file-name "images/w3m" data-directory)))	  (if (and prefix		   (progn		     (setq prefix (file-name-as-directory prefix))		     (eq 0 (string-match (regexp-quote prefix) default))))	      (replace-match "$(prefix)/" nil nil default)	    default)))) (write-region (if (stringp x) (princ x) (prin1-to-string x)) nil "./conftest-6755" nil 5))'
$(prefix)/share/emacs/23.2/etc/images/w3m=> $(prefix)/share/emacs/23.2/etc/images/w3m
configure:2772: result: $(prefix)/share/emacs/23.2/etc/images/w3m
configure:2958: creating ./config.status

## ---------------- ##
## Cache variables. ##
## ---------------- ##

EMACS_cv_SYS_flavor='Emacs 23.2'
EMACS_cv_SYS_icondir='$(prefix)/share/emacs/23.2/etc/images/w3m'
EMACS_cv_SYS_prefix=/usr/local
ac_cv_env_build_alias_set=
ac_cv_env_build_alias_value=
ac_cv_env_host_alias_set=
ac_cv_env_host_alias_value=
ac_cv_env_target_alias_set=
ac_cv_env_target_alias_value=
ac_cv_path_EMACS=/usr/local/bin/emacs-23.2
ac_cv_path_install='/usr/bin/install -c'
ac_cv_prog_DVIPDFMX=false
ac_cv_prog_EGREP=egrep
ac_cv_prog_JBIBTEX=false
ac_cv_prog_MAKEINFO=makeinfo
ac_cv_prog_PTEX=false
ac_cv_prog_TEXI2DVI=false
ac_cv_prog_TEXI2PDF=false
ac_cv_prog_make_make_set=yes

## ----------------- ##
## Output variables. ##
## ----------------- ##

ADDITIONAL_LOAD_PATH='NONE'
DEFS='-DPACKAGE_NAME=\"\" -DPACKAGE_TARNAME=\"\" -DPACKAGE_VERSION=\"\" -DPACKAGE_STRING=\"\" -DPACKAGE_BUGREPORT=\"\"'
DVIPDFMX='false'
ECHO_C=''
ECHO_N='-n'
ECHO_T=''
EGREP='egrep'
EMACS='/usr/local/bin/emacs-23.2'
ICONDIR='$(prefix)/share/emacs/23.2/etc/images/w3m'
INSTALL_DATA='${INSTALL} -m 644'
INSTALL_PROGRAM='${INSTALL}'
INSTALL_SCRIPT='${INSTALL}'
JBIBTEX='false'
LIBOBJS=''
LIBS=''
LTLIBOBJS=''
MAKEINFO='makeinfo'
PACKAGEDIR='NONE'
PACKAGE_BUGREPORT=''
PACKAGE_NAME=''
PACKAGE_STRING=''
PACKAGE_TARNAME=''
PACKAGE_VERSION=''
PATH_SEPARATOR=':'
PTEX='false'
SET_MAKE=''
SHELL='/bin/sh'
TEXI2DVI='false'
TEXI2PDF='false'
VANILLA_FLAG='-q -no-site-file --no-unibyte'
XEMACSDEBUG=''
bindir='${exec_prefix}/bin'
build_alias=''
datadir='${datarootdir}'
datarootdir='${prefix}/share'
docdir='${datarootdir}/doc/${PACKAGE}'
dvidir='${docdir}'
exec_prefix='${prefix}'
host_alias=''
htmldir='${docdir}'
includedir='${prefix}/include'
infodir='${datarootdir}/info'
libdir='${exec_prefix}/lib'
libexecdir='${exec_prefix}/libexec'
lispdir='$(prefix)/share/emacs/site-lisp/w3m'
localedir='${datarootdir}/locale'
localstatedir='${prefix}/var'
mandir='${datarootdir}/man'
oldincludedir='/usr/include'
pdfdir='${docdir}'
prefix='/usr/local'
program_transform_name='s,x,x,'
psdir='${docdir}'
sbindir='${exec_prefix}/sbin'
sharedstatedir='${prefix}/com'
sysconfdir='${prefix}/etc'
target_alias=''

## ----------- ##
## confdefs.h. ##
## ----------- ##

#define PACKAGE_NAME ""
#define PACKAGE_TARNAME ""
#define PACKAGE_VERSION ""
#define PACKAGE_STRING ""
#define PACKAGE_BUGREPORT ""

configure: exit 0

## ---------------------- ##
## Running config.status. ##
## ---------------------- ##

This file was extended by config.status, which was
generated by GNU Autoconf 2.63.  Invocation command line was

  CONFIG_FILES    = 
  CONFIG_HEADERS  = 
  CONFIG_LINKS    = 
  CONFIG_COMMANDS = 
  $ ./config.status 

on wyvern.id774.net

config.status:653: creating Makefile
config.status:653: creating doc/Makefile
config.status:800: WARNING:  'doc/Makefile.in' seems to ignore the --datarootdir setting
